--- Copying files at Tue Mar  5 19:20:30 UTC 2024
--- Copying files at Tue Mar  5 19:23:38 UTC 2024
--- Copying files at Tue Mar  5 19:31:40 UTC 2024
--- Copying files at Tue Mar  5 19:39:51 UTC 2024
--- Copying files at Tue Mar  5 19:57:55 UTC 2024
--- Copying files at Tue Mar  5 20:06:32 UTC 2024
--- Copying files at Tue Mar  5 20:09:17 UTC 2024
--- Copying files at Tue Mar  5 20:15:51 UTC 2024
--- Copying files at Tue Mar  5 20:20:30 UTC 2024
--- Copying files at Tue Mar  5 21:29:50 UTC 2024
--- Copying files at Tue Mar  5 21:54:43 UTC 2024
--- Copying files at Thu Mar  7 09:17:45 UTC 2024
--- Copying files at Thu Mar  7 09:22:51 UTC 2024
--- Copying files at Thu Mar  7 10:35:00 UTC 2024
--- Copying files at Fri Mar 15 22:10:38 UTC 2024
--- Copying files at Fri Mar 15 22:51:27 UTC 2024
INSTALLED init.groovy.d/executors.groovy
--- Copying files at Fri Mar 15 23:15:42 UTC 2024
--- Copying files at Fri Mar 15 23:45:56 UTC 2024
--- Copying files at Fri Mar 15 23:48:24 UTC 2024
--- Copying files at Sat Mar 16 10:54:07 UTC 2024
